[2022-12-03T09:24:39.231+0000] {taskinstance.py:1087} INFO - Dependencies all met for <TaskInstance: task_3_6.task_a manual__2022-12-03T09:24:37.453942+00:00 [queued]>
[2022-12-03T09:24:39.250+0000] {taskinstance.py:1087} INFO - Dependencies all met for <TaskInstance: task_3_6.task_a manual__2022-12-03T09:24:37.453942+00:00 [queued]>
[2022-12-03T09:24:39.251+0000] {taskinstance.py:1283} INFO - 
--------------------------------------------------------------------------------
[2022-12-03T09:24:39.251+0000] {taskinstance.py:1284} INFO - Starting attempt 1 of 1
[2022-12-03T09:24:39.252+0000] {taskinstance.py:1285} INFO - 
--------------------------------------------------------------------------------
[2022-12-03T09:24:39.282+0000] {taskinstance.py:1304} INFO - Executing <Task(PythonOperator): task_a> on 2022-12-03 09:24:37.453942+00:00
[2022-12-03T09:24:39.291+0000] {standard_task_runner.py:55} INFO - Started process 27753 to run task
[2022-12-03T09:24:39.295+0000] {standard_task_runner.py:82} INFO - Running: ['***', 'tasks', 'run', 'task_3_6', 'task_a', 'manual__2022-12-03T09:24:37.453942+00:00', '--job-id', '844', '--raw', '--subdir', 'DAGS_FOLDER/task.py', '--cfg-path', '/tmp/tmppuisf88q']
[2022-12-03T09:24:39.298+0000] {standard_task_runner.py:83} INFO - Job 844: Subtask task_a
[2022-12-03T09:24:39.410+0000] {task_command.py:389} INFO - Running <TaskInstance: task_3_6.task_a manual__2022-12-03T09:24:37.453942+00:00 [running]> on host 787fce657911
[2022-12-03T09:24:39.530+0000] {taskinstance.py:1513} INFO - Exporting the following env vars:
AIRFLOW_CTX_DAG_OWNER=***
AIRFLOW_CTX_DAG_ID=task_3_6
AIRFLOW_CTX_TASK_ID=task_a
AIRFLOW_CTX_EXECUTION_DATE=2022-12-03T09:24:37.453942+00:00
AIRFLOW_CTX_TRY_NUMBER=1
AIRFLOW_CTX_DAG_RUN_ID=manual__2022-12-03T09:24:37.453942+00:00
[2022-12-03T09:24:39.570+0000] {python.py:177} INFO - Done. Returned value was: None
[2022-12-03T09:24:39.592+0000] {taskinstance.py:1327} INFO - Marking task as SUCCESS. dag_id=task_3_6, task_id=task_a, execution_date=20221203T092437, start_date=20221203T092439, end_date=20221203T092439
[2022-12-03T09:24:39.628+0000] {local_task_job.py:159} INFO - Task exited with return code 0
[2022-12-03T09:24:39.725+0000] {taskinstance.py:2582} INFO - 1 downstream tasks scheduled from follow-on schedule check
