[2022-12-03T09:24:44.356+0000] {taskinstance.py:1087} INFO - Dependencies all met for <TaskInstance: task_3_6.task_c manual__2022-12-03T09:24:37.453942+00:00 [queued]>
[2022-12-03T09:24:44.372+0000] {taskinstance.py:1087} INFO - Dependencies all met for <TaskInstance: task_3_6.task_c manual__2022-12-03T09:24:37.453942+00:00 [queued]>
[2022-12-03T09:24:44.373+0000] {taskinstance.py:1283} INFO - 
--------------------------------------------------------------------------------
[2022-12-03T09:24:44.374+0000] {taskinstance.py:1284} INFO - Starting attempt 1 of 1
[2022-12-03T09:24:44.374+0000] {taskinstance.py:1285} INFO - 
--------------------------------------------------------------------------------
[2022-12-03T09:24:44.395+0000] {taskinstance.py:1304} INFO - Executing <Task(BashOperator): task_c> on 2022-12-03 09:24:37.453942+00:00
[2022-12-03T09:24:44.403+0000] {standard_task_runner.py:55} INFO - Started process 27759 to run task
[2022-12-03T09:24:44.406+0000] {standard_task_runner.py:82} INFO - Running: ['***', 'tasks', 'run', 'task_3_6', 'task_c', 'manual__2022-12-03T09:24:37.453942+00:00', '--job-id', '846', '--raw', '--subdir', 'DAGS_FOLDER/task.py', '--cfg-path', '/tmp/tmpyaq4qkt5']
[2022-12-03T09:24:44.408+0000] {standard_task_runner.py:83} INFO - Job 846: Subtask task_c
[2022-12-03T09:24:44.489+0000] {task_command.py:389} INFO - Running <TaskInstance: task_3_6.task_c manual__2022-12-03T09:24:37.453942+00:00 [running]> on host 787fce657911
[2022-12-03T09:24:44.586+0000] {taskinstance.py:1513} INFO - Exporting the following env vars:
AIRFLOW_CTX_DAG_OWNER=***
AIRFLOW_CTX_DAG_ID=task_3_6
AIRFLOW_CTX_TASK_ID=task_c
AIRFLOW_CTX_EXECUTION_DATE=2022-12-03T09:24:37.453942+00:00
AIRFLOW_CTX_TRY_NUMBER=1
AIRFLOW_CTX_DAG_RUN_ID=manual__2022-12-03T09:24:37.453942+00:00
[2022-12-03T09:24:44.589+0000] {subprocess.py:63} INFO - Tmp dir root location: 
 /tmp
[2022-12-03T09:24:44.590+0000] {subprocess.py:75} INFO - Running command: ['/bin/bash', '-c', 'mv /opt/***/dags/cities_new.csv /opt/***/dags/result']
[2022-12-03T09:24:44.604+0000] {subprocess.py:86} INFO - Output:
[2022-12-03T09:24:44.616+0000] {subprocess.py:97} INFO - Command exited with return code 0
[2022-12-03T09:24:44.649+0000] {taskinstance.py:1327} INFO - Marking task as SUCCESS. dag_id=task_3_6, task_id=task_c, execution_date=20221203T092437, start_date=20221203T092444, end_date=20221203T092444
[2022-12-03T09:24:44.699+0000] {local_task_job.py:159} INFO - Task exited with return code 0
[2022-12-03T09:24:44.731+0000] {taskinstance.py:2582} INFO - 1 downstream tasks scheduled from follow-on schedule check
