[2022-12-03T09:24:10.333+0000] {taskinstance.py:1087} INFO - Dependencies all met for <TaskInstance: first_dag.hello manual__2022-12-03T09:24:08.756939+00:00 [queued]>
[2022-12-03T09:24:10.348+0000] {taskinstance.py:1087} INFO - Dependencies all met for <TaskInstance: first_dag.hello manual__2022-12-03T09:24:08.756939+00:00 [queued]>
[2022-12-03T09:24:10.349+0000] {taskinstance.py:1283} INFO - 
--------------------------------------------------------------------------------
[2022-12-03T09:24:10.349+0000] {taskinstance.py:1284} INFO - Starting attempt 1 of 1
[2022-12-03T09:24:10.350+0000] {taskinstance.py:1285} INFO - 
--------------------------------------------------------------------------------
[2022-12-03T09:24:10.375+0000] {taskinstance.py:1304} INFO - Executing <Task(BashOperator): hello> on 2022-12-03 09:24:08.756939+00:00
[2022-12-03T09:24:10.381+0000] {standard_task_runner.py:55} INFO - Started process 27699 to run task
[2022-12-03T09:24:10.385+0000] {standard_task_runner.py:82} INFO - Running: ['***', 'tasks', 'run', 'first_dag', 'hello', 'manual__2022-12-03T09:24:08.756939+00:00', '--job-id', '842', '--raw', '--subdir', 'DAGS_FOLDER/first.py', '--cfg-path', '/tmp/tmpin7nz3yh']
[2022-12-03T09:24:10.385+0000] {standard_task_runner.py:83} INFO - Job 842: Subtask hello
[2022-12-03T09:24:10.507+0000] {task_command.py:389} INFO - Running <TaskInstance: first_dag.hello manual__2022-12-03T09:24:08.756939+00:00 [running]> on host 787fce657911
[2022-12-03T09:24:10.632+0000] {taskinstance.py:1513} INFO - Exporting the following env vars:
AIRFLOW_CTX_DAG_OWNER=***
AIRFLOW_CTX_DAG_ID=first_dag
AIRFLOW_CTX_TASK_ID=hello
AIRFLOW_CTX_EXECUTION_DATE=2022-12-03T09:24:08.756939+00:00
AIRFLOW_CTX_TRY_NUMBER=1
AIRFLOW_CTX_DAG_RUN_ID=manual__2022-12-03T09:24:08.756939+00:00
[2022-12-03T09:24:10.635+0000] {subprocess.py:63} INFO - Tmp dir root location: 
 /tmp
[2022-12-03T09:24:10.636+0000] {subprocess.py:75} INFO - Running command: ['/bin/bash', '-c', 'echo hello']
[2022-12-03T09:24:10.654+0000] {subprocess.py:86} INFO - Output:
[2022-12-03T09:24:10.656+0000] {subprocess.py:93} INFO - hello
[2022-12-03T09:24:10.657+0000] {subprocess.py:97} INFO - Command exited with return code 0
[2022-12-03T09:24:10.702+0000] {taskinstance.py:1327} INFO - Marking task as SUCCESS. dag_id=first_dag, task_id=hello, execution_date=20221203T092408, start_date=20221203T092410, end_date=20221203T092410
[2022-12-03T09:24:10.758+0000] {local_task_job.py:159} INFO - Task exited with return code 0
[2022-12-03T09:24:10.794+0000] {taskinstance.py:2582} INFO - 1 downstream tasks scheduled from follow-on schedule check
