[2022-12-03T09:24:12.704+0000] {taskinstance.py:1087} INFO - Dependencies all met for <TaskInstance: first_dag.world manual__2022-12-03T09:24:08.756939+00:00 [queued]>
[2022-12-03T09:24:12.720+0000] {taskinstance.py:1087} INFO - Dependencies all met for <TaskInstance: first_dag.world manual__2022-12-03T09:24:08.756939+00:00 [queued]>
[2022-12-03T09:24:12.721+0000] {taskinstance.py:1283} INFO - 
--------------------------------------------------------------------------------
[2022-12-03T09:24:12.722+0000] {taskinstance.py:1284} INFO - Starting attempt 1 of 1
[2022-12-03T09:24:12.723+0000] {taskinstance.py:1285} INFO - 
--------------------------------------------------------------------------------
[2022-12-03T09:24:12.750+0000] {taskinstance.py:1304} INFO - Executing <Task(PythonOperator): world> on 2022-12-03 09:24:08.756939+00:00
[2022-12-03T09:24:12.757+0000] {standard_task_runner.py:55} INFO - Started process 27702 to run task
[2022-12-03T09:24:12.761+0000] {standard_task_runner.py:82} INFO - Running: ['***', 'tasks', 'run', 'first_dag', 'world', 'manual__2022-12-03T09:24:08.756939+00:00', '--job-id', '843', '--raw', '--subdir', 'DAGS_FOLDER/first.py', '--cfg-path', '/tmp/tmpjad6ywas']
[2022-12-03T09:24:12.762+0000] {standard_task_runner.py:83} INFO - Job 843: Subtask world
[2022-12-03T09:24:12.856+0000] {task_command.py:389} INFO - Running <TaskInstance: first_dag.world manual__2022-12-03T09:24:08.756939+00:00 [running]> on host 787fce657911
[2022-12-03T09:24:12.963+0000] {taskinstance.py:1513} INFO - Exporting the following env vars:
AIRFLOW_CTX_DAG_OWNER=***
AIRFLOW_CTX_DAG_ID=first_dag
AIRFLOW_CTX_TASK_ID=world
AIRFLOW_CTX_EXECUTION_DATE=2022-12-03T09:24:08.756939+00:00
AIRFLOW_CTX_TRY_NUMBER=1
AIRFLOW_CTX_DAG_RUN_ID=manual__2022-12-03T09:24:08.756939+00:00
[2022-12-03T09:24:12.964+0000] {logging_mixin.py:137} INFO - Airflow
[2022-12-03T09:24:12.965+0000] {python.py:177} INFO - Done. Returned value was: None
[2022-12-03T09:24:12.980+0000] {taskinstance.py:1327} INFO - Marking task as SUCCESS. dag_id=first_dag, task_id=world, execution_date=20221203T092408, start_date=20221203T092412, end_date=20221203T092412
[2022-12-03T09:24:13.014+0000] {local_task_job.py:159} INFO - Task exited with return code 0
[2022-12-03T09:24:13.043+0000] {taskinstance.py:2582} INFO - 0 downstream tasks scheduled from follow-on schedule check
