[2022-12-03T09:24:46.726+0000] {taskinstance.py:1087} INFO - Dependencies all met for <TaskInstance: task_3_6.task_d manual__2022-12-03T09:24:37.453942+00:00 [queued]>
[2022-12-03T09:24:46.745+0000] {taskinstance.py:1087} INFO - Dependencies all met for <TaskInstance: task_3_6.task_d manual__2022-12-03T09:24:37.453942+00:00 [queued]>
[2022-12-03T09:24:46.746+0000] {taskinstance.py:1283} INFO - 
--------------------------------------------------------------------------------
[2022-12-03T09:24:46.747+0000] {taskinstance.py:1284} INFO - Starting attempt 1 of 1
[2022-12-03T09:24:46.747+0000] {taskinstance.py:1285} INFO - 
--------------------------------------------------------------------------------
[2022-12-03T09:24:46.783+0000] {taskinstance.py:1304} INFO - Executing <Task(BashOperator): task_d> on 2022-12-03 09:24:37.453942+00:00
[2022-12-03T09:24:46.792+0000] {standard_task_runner.py:55} INFO - Started process 27772 to run task
[2022-12-03T09:24:46.796+0000] {standard_task_runner.py:82} INFO - Running: ['***', 'tasks', 'run', 'task_3_6', 'task_d', 'manual__2022-12-03T09:24:37.453942+00:00', '--job-id', '847', '--raw', '--subdir', 'DAGS_FOLDER/task.py', '--cfg-path', '/tmp/tmpnl9j5pzm']
[2022-12-03T09:24:46.799+0000] {standard_task_runner.py:83} INFO - Job 847: Subtask task_d
[2022-12-03T09:24:46.892+0000] {task_command.py:389} INFO - Running <TaskInstance: task_3_6.task_d manual__2022-12-03T09:24:37.453942+00:00 [running]> on host 787fce657911
[2022-12-03T09:24:46.998+0000] {taskinstance.py:1513} INFO - Exporting the following env vars:
AIRFLOW_CTX_DAG_OWNER=***
AIRFLOW_CTX_DAG_ID=task_3_6
AIRFLOW_CTX_TASK_ID=task_d
AIRFLOW_CTX_EXECUTION_DATE=2022-12-03T09:24:37.453942+00:00
AIRFLOW_CTX_TRY_NUMBER=1
AIRFLOW_CTX_DAG_RUN_ID=manual__2022-12-03T09:24:37.453942+00:00
[2022-12-03T09:24:47.002+0000] {subprocess.py:63} INFO - Tmp dir root location: 
 /tmp
[2022-12-03T09:24:47.003+0000] {subprocess.py:75} INFO - Running command: ['/bin/bash', '-c', 'echo Success']
[2022-12-03T09:24:47.022+0000] {subprocess.py:86} INFO - Output:
[2022-12-03T09:24:47.024+0000] {subprocess.py:93} INFO - Success
[2022-12-03T09:24:47.025+0000] {subprocess.py:97} INFO - Command exited with return code 0
[2022-12-03T09:24:47.064+0000] {taskinstance.py:1327} INFO - Marking task as SUCCESS. dag_id=task_3_6, task_id=task_d, execution_date=20221203T092437, start_date=20221203T092446, end_date=20221203T092447
[2022-12-03T09:24:47.089+0000] {local_task_job.py:159} INFO - Task exited with return code 0
[2022-12-03T09:24:47.113+0000] {taskinstance.py:2582} INFO - 0 downstream tasks scheduled from follow-on schedule check
